2013-01-08 14:20:24,127 ERROR [org.eclipse.jdt.internal.ui.text.JavaReconciler] - System.err - Exception in thread "org.eclipse.jdt.internal.ui.text.JavaReconciler"
2013-01-08 14:20:24,129 ERROR [org.eclipse.jdt.internal.ui.text.JavaReconciler] - System.err - java.util.ConcurrentModificationException
2013-01-08 14:20:24,129 ERROR [org.eclipse.jdt.internal.ui.text.JavaReconciler] - System.err - at java.util.ArrayList$Itr.checkForComodification(Unknown Source)
2013-01-08 14:20:24,129 ERROR [org.eclipse.jdt.internal.ui.text.JavaReconciler] - System.err - at java.util.ArrayList$Itr.next(Unknown Source)
2013-01-08 14:20:24,129 ERROR [org.eclipse.jdt.internal.ui.text.JavaReconciler] - System.err - at org.aspectj.weaver.World$TypeMap.demote(World.java:1081)
2013-01-08 14:20:24,129 ERROR [org.eclipse.jdt.internal.ui.text.JavaReconciler] - System.err - at org.aspectj.weaver.World$TypeMap.demote(World.java:1059)
2013-01-08 14:20:24,130 ERROR [org.eclipse.jdt.internal.ui.text.JavaReconciler] - System.err - at org.aspectj.weaver.World.demote(World.java:1765)
2013-01-08 14:20:24,130 ERROR [org.eclipse.jdt.internal.ui.text.JavaReconciler] - System.err - at org.aspectj.weaver.bcel.BcelWeaver.weave(BcelWeaver.java:1794)
2013-01-08 14:20:24,130 ERROR [org.eclipse.jdt.internal.ui.text.JavaReconciler] - System.err - at org.aspectj.weaver.bcel.BcelWeaver.weaveWithoutDump(BcelWeaver.java:1641)
2013-01-08 14:20:24,130 ERROR [org.eclipse.jdt.internal.ui.text.JavaReconciler] - System.err - at org.aspectj.weaver.bcel.BcelWeaver.weaveAndNotify(BcelWeaver.java:1404)
2013-01-08 14:20:24,130 ERROR [org.eclipse.jdt.internal.ui.text.JavaReconciler] - System.err - at org.aspectj.weaver.bcel.BcelWeaver.weave(BcelWeaver.java:1190)
2013-01-08 14:20:24,130 ERROR [org.eclipse.jdt.internal.ui.text.JavaReconciler] - System.err - at org.aspectj.weaver.tools.WeavingAdaptor.getWovenBytes(WeavingAdaptor.java:469)
2013-01-08 14:20:24,130 ERROR [org.eclipse.jdt.internal.ui.text.JavaReconciler] - System.err - at org.aspectj.weaver.tools.WeavingAdaptor.weaveClass(WeavingAdaptor.java:320)
2013-01-08 14:20:24,130 ERROR [org.eclipse.jdt.internal.ui.text.JavaReconciler] - System.err - at org.eclipse.equinox.weaving.aspectj.loadtime.OSGiWeavingAdaptor.weaveClass(OSGiWeavingAdaptor.java:121)
2013-01-08 14:20:24,130 ERROR [org.eclipse.jdt.internal.ui.text.JavaReconciler] - System.err - at org.eclipse.equinox.weaving.aspectj.AspectJWeavingService.preProcess(AspectJWeavingService.java:151)
2013-01-08 14:20:24,130 ERROR [org.eclipse.jdt.internal.ui.text.JavaReconciler] - System.err - at org.eclipse.equinox.weaving.adaptors.WeavingAdaptor.weaveClass(WeavingAdaptor.java:245)
2013-01-08 14:20:24,130 ERROR [org.eclipse.jdt.internal.ui.text.JavaReconciler] - System.err - at org.eclipse.equinox.weaving.hooks.WeavingHook.processClass(WeavingHook.java:126)
2013-01-08 14:20:24,130 ERROR [org.eclipse.jdt.internal.ui.text.JavaReconciler] - System.err - at org.eclipse.osgi.baseadaptor.loader.ClasspathManager.defineClass(ClasspathManager.java:594)
2013-01-08 14:20:24,130 ERROR [org.eclipse.jdt.internal.ui.text.JavaReconciler] - System.err - at org.eclipse.osgi.baseadaptor.loader.ClasspathManager.findClassImpl(ClasspathManager.java:562)
2013-01-08 14:20:24,130 ERROR [org.eclipse.jdt.internal.ui.text.JavaReconciler] - System.err - at org.eclipse.osgi.baseadaptor.loader.ClasspathManager.findLocalClassImpl(ClasspathManager.java:486)
2013-01-08 14:20:24,131 ERROR [org.eclipse.jdt.internal.ui.text.JavaReconciler] - System.err - at org.eclipse.osgi.baseadaptor.loader.ClasspathManager.findLocalClass(ClasspathManager.java:459)
2013-01-08 14:20:24,131 ERROR [org.eclipse.jdt.internal.ui.text.JavaReconciler] - System.err - at org.eclipse.osgi.internal.baseadaptor.DefaultClassLoader.findLocalClass(DefaultClassLoader.java:216)
2013-01-08 14:20:24,131 ERROR [org.eclipse.jdt.internal.ui.text.JavaReconciler] - System.err - at org.eclipse.osgi.internal.loader.BundleLoader.findLocalClass(BundleLoader.java:400)
2013-01-08 14:20:24,131 ERROR [org.eclipse.jdt.internal.ui.text.JavaReconciler] - System.err - at org.eclipse.osgi.internal.loader.BundleLoader.findClassInternal(BundleLoader.java:476)
2013-01-08 14:20:24,131 ERROR [org.eclipse.jdt.internal.ui.text.JavaReconciler] - System.err - at org.eclipse.osgi.internal.loader.BundleLoader.findClass(BundleLoader.java:429)
2013-01-08 14:20:24,131 ERROR [org.eclipse.jdt.internal.ui.text.JavaReconciler] - System.err - at org.eclipse.osgi.internal.loader.BundleLoader.findClass(BundleLoader.java:417)
2013-01-08 14:20:24,131 ERROR [org.eclipse.jdt.internal.ui.text.JavaReconciler] - System.err - at org.eclipse.osgi.internal.baseadaptor.DefaultClassLoader.loadClass(DefaultClassLoader.java:107)
2013-01-08 14:20:24,131 ERROR [org.eclipse.jdt.internal.ui.text.JavaReconciler] - System.err - at java.lang.ClassLoader.loadClass(Unknown Source)
2013-01-08 14:20:24,131 ERROR [org.eclipse.jdt.internal.ui.text.JavaReconciler] - System.err - at org.eclipse.jdt.internal.ui.javaeditor.CompilationUnitDocumentProvider$CompilationUnitAnnotationModel.internalBeginReporting(CompilationUnitDocumentProvider.java:579)
2013-01-08 14:20:24,131 ERROR [org.eclipse.jdt.internal.ui.text.JavaReconciler] - System.err - at org.eclipse.jdt.internal.ui.javaeditor.CompilationUnitDocumentProvider$CompilationUnitAnnotationModel.beginReportingSequence(CompilationUnitDocumentProvider.java:568)
2013-01-08 14:20:24,131 ERROR [org.eclipse.jdt.internal.ui.text.JavaReconciler] - System.err - at org.eclipse.jdt.internal.ui.text.JavaCompositeReconcilingStrategy.initialReconcile(JavaCompositeReconcilingStrategy.java:135)
2013-01-08 14:20:24,131 ERROR [org.eclipse.jdt.internal.ui.text.JavaReconciler] - System.err - at org.eclipse.jface.text.reconciler.MonoReconciler.initialProcess(MonoReconciler.java:105)
2013-01-08 14:20:24,131 ERROR [org.eclipse.jdt.internal.ui.text.JavaReconciler] - System.err - at org.eclipse.jdt.internal.ui.text.JavaReconciler.initialProcess(JavaReconciler.java:406)
2013-01-08 14:20:24,131 ERROR [org.eclipse.jdt.internal.ui.text.JavaReconciler] - System.err - at org.eclipse.jface.text.reconciler.AbstractReconciler$BackgroundThread.run(AbstractReconciler.java:173)
2013-01-10 17:24:46,732  WARN [main] - ImplicitHighlightingPresenter - Timeout while waiting for `askLoadedTyped` during implicit highlighting.
2013-01-14 11:04:33,865  WARN [main] - ImplicitHighlightingPresenter - Timeout while waiting for `askLoadedTyped` during implicit highlighting.
2013-01-14 17:59:05,174  WARN [main] - ImplicitHighlightingPresenter - Timeout while waiting for `askLoadedTyped` during implicit highlighting.
2013-01-14 18:09:26,865  WARN [org.eclipse.jdt.internal.ui.text.JavaReconciler] - ImplicitHighlightingPresenter - Timeout while waiting for `askLoadedTyped` during implicit highlighting.
2013-01-14 18:35:12,231  WARN [org.eclipse.jdt.internal.ui.text.JavaReconciler] - ImplicitHighlightingPresenter - Timeout while waiting for `askLoadedTyped` during implicit highlighting.
2013-01-22 15:03:37,562 ERROR [Java indexing] - System.err - Exception in thread "Java indexing"
2013-01-22 15:03:37,566 ERROR [Java indexing] - System.err - java.lang.NullPointerException
2013-01-22 15:03:37,567 ERROR [Java indexing] - System.err - at org.aspectj.weaver.bcel.LazyMethodGen.<init>(LazyMethodGen.java:205)
2013-01-22 15:03:37,567 ERROR [Java indexing] - System.err - at org.aspectj.weaver.bcel.LazyClassGen.<init>(LazyClassGen.java:306)
2013-01-22 15:03:37,567 ERROR [Java indexing] - System.err - at org.aspectj.weaver.bcel.BcelObjectType.getLazyClassGen(BcelObjectType.java:558)
2013-01-22 15:03:37,567 ERROR [Java indexing] - System.err - at org.aspectj.weaver.bcel.BcelWeaver.weave(BcelWeaver.java:1690)
2013-01-22 15:03:37,568 ERROR [Java indexing] - System.err - at org.aspectj.weaver.bcel.BcelWeaver.weaveWithoutDump(BcelWeaver.java:1641)
2013-01-22 15:03:37,568 ERROR [Java indexing] - System.err - at org.aspectj.weaver.bcel.BcelWeaver.weaveAndNotify(BcelWeaver.java:1404)
2013-01-22 15:03:37,568 ERROR [Java indexing] - System.err - at org.aspectj.weaver.bcel.BcelWeaver.weave(BcelWeaver.java:1190)
2013-01-22 15:03:37,568 ERROR [Java indexing] - System.err - at org.aspectj.weaver.tools.WeavingAdaptor.getWovenBytes(WeavingAdaptor.java:469)
2013-01-22 15:03:37,568 ERROR [Java indexing] - System.err - at org.aspectj.weaver.tools.WeavingAdaptor.weaveClass(WeavingAdaptor.java:320)
2013-01-22 15:03:37,569 ERROR [Java indexing] - System.err - at org.eclipse.equinox.weaving.aspectj.loadtime.OSGiWeavingAdaptor.weaveClass(OSGiWeavingAdaptor.java:121)
2013-01-22 15:03:37,569 ERROR [Java indexing] - System.err - at org.eclipse.equinox.weaving.aspectj.AspectJWeavingService.preProcess(AspectJWeavingService.java:151)
2013-01-22 15:03:37,569 ERROR [Java indexing] - System.err - at org.eclipse.equinox.weaving.adaptors.WeavingAdaptor.weaveClass(WeavingAdaptor.java:245)
2013-01-22 15:03:37,597 ERROR [Java indexing] - System.err - at org.eclipse.equinox.weaving.hooks.WeavingHook.processClass(WeavingHook.java:126)
2013-01-22 15:03:37,597 ERROR [Java indexing] - System.err - at org.eclipse.osgi.baseadaptor.loader.ClasspathManager.defineClass(ClasspathManager.java:594)
2013-01-22 15:03:37,597 ERROR [Java indexing] - System.err - at org.eclipse.osgi.baseadaptor.loader.ClasspathManager.findClassImpl(ClasspathManager.java:562)
2013-01-22 15:03:37,597 ERROR [Java indexing] - System.err - at org.eclipse.osgi.baseadaptor.loader.ClasspathManager.findLocalClassImpl(ClasspathManager.java:486)
2013-01-22 15:03:37,597 ERROR [Java indexing] - System.err - at org.eclipse.osgi.baseadaptor.loader.ClasspathManager.findLocalClass(ClasspathManager.java:459)
2013-01-22 15:03:37,597 ERROR [Java indexing] - System.err - at org.eclipse.osgi.internal.baseadaptor.DefaultClassLoader.findLocalClass(DefaultClassLoader.java:216)
2013-01-22 15:03:37,597 ERROR [Java indexing] - System.err - at org.eclipse.osgi.internal.loader.BundleLoader.findLocalClass(BundleLoader.java:400)
2013-01-22 15:03:37,598 ERROR [Java indexing] - System.err - at org.eclipse.osgi.internal.loader.BundleLoader.findClassInternal(BundleLoader.java:476)
2013-01-22 15:03:37,598 ERROR [Java indexing] - System.err - at org.eclipse.osgi.internal.loader.BundleLoader.findClass(BundleLoader.java:429)
2013-01-22 15:03:37,598 ERROR [Java indexing] - System.err - at org.eclipse.osgi.internal.loader.BundleLoader.findClass(BundleLoader.java:417)
2013-01-22 15:03:37,598 ERROR [Java indexing] - System.err - at org.eclipse.osgi.internal.baseadaptor.DefaultClassLoader.loadClass(DefaultClassLoader.java:107)
2013-01-22 15:03:37,598 ERROR [Java indexing] - System.err - at java.lang.ClassLoader.loadClass(Unknown Source)
2013-01-22 15:03:37,598 ERROR [Java indexing] - System.err - at org.eclipse.jdt.internal.core.search.indexing.IndexManager.getSourceElementParser(IndexManager.java:189)
2013-01-22 15:03:37,598 ERROR [Java indexing] - System.err - at org.eclipse.jdt.internal.core.search.indexing.IndexAllProject.execute(IndexAllProject.java:203)
2013-01-22 15:03:37,599 ERROR [Java indexing] - System.err - at org.eclipse.jdt.internal.core.search.processing.JobManager.run(JobManager.java:405)
2013-01-22 15:03:37,599 ERROR [Java indexing] - System.err - at java.lang.Thread.run(Unknown Source)
2013-01-22 15:03:51,708  WARN [main] - ImplicitHighlightingPresenter - Timeout while waiting for `askLoadedTyped` during implicit highlighting.
2013-01-23 22:31:52,899  WARN [main] - ImplicitHighlightingPresenter - Timeout while waiting for `askLoadedTyped` during implicit highlighting.
2013-01-23 22:31:53,190  WARN [org.eclipse.jdt.internal.ui.text.JavaReconciler] - ImplicitHighlightingPresenter - Timeout while waiting for `askLoadedTyped` during implicit highlighting.
2013-01-29 20:29:47,868 ERROR [main] - org.scala-ide.sdt.core - org.scala-ide.sdt.core - org.scala-ide.sdt.core - 0 - Error during askOption
java.util.ConcurrentModificationException
	at java.util.ArrayList$Itr.checkForComodification(Unknown Source)
	at java.util.ArrayList$Itr.next(Unknown Source)
	at org.aspectj.weaver.World$TypeMap.demote(World.java:1081)
	at org.aspectj.weaver.World$TypeMap.demote(World.java:1059)
	at org.aspectj.weaver.World.demote(World.java:1765)
	at org.aspectj.weaver.bcel.BcelWeaver.weave(BcelWeaver.java:1794)
	at org.aspectj.weaver.bcel.BcelWeaver.weaveWithoutDump(BcelWeaver.java:1641)
	at org.aspectj.weaver.bcel.BcelWeaver.weaveAndNotify(BcelWeaver.java:1404)
	at org.aspectj.weaver.bcel.BcelWeaver.weave(BcelWeaver.java:1190)
	at org.aspectj.weaver.tools.WeavingAdaptor.getWovenBytes(WeavingAdaptor.java:469)
	at org.aspectj.weaver.tools.WeavingAdaptor.weaveClass(WeavingAdaptor.java:320)
	at org.eclipse.equinox.weaving.aspectj.loadtime.OSGiWeavingAdaptor.weaveClass(OSGiWeavingAdaptor.java:121)
	at org.eclipse.equinox.weaving.aspectj.AspectJWeavingService.preProcess(AspectJWeavingService.java:151)
	at org.eclipse.equinox.weaving.adaptors.WeavingAdaptor.weaveClass(WeavingAdaptor.java:245)
	at org.eclipse.equinox.weaving.hooks.WeavingHook.processClass(WeavingHook.java:126)
	at org.eclipse.osgi.baseadaptor.loader.ClasspathManager.defineClass(ClasspathManager.java:594)
	at org.eclipse.osgi.baseadaptor.loader.ClasspathManager.findClassImpl(ClasspathManager.java:562)
	at org.eclipse.osgi.baseadaptor.loader.ClasspathManager.findLocalClassImpl(ClasspathManager.java:486)
	at org.eclipse.osgi.baseadaptor.loader.ClasspathManager.findLocalClass(ClasspathManager.java:459)
	at org.eclipse.osgi.internal.baseadaptor.DefaultClassLoader.findLocalClass(DefaultClassLoader.java:216)
	at org.eclipse.osgi.internal.loader.BundleLoader.findLocalClass(BundleLoader.java:400)
	at org.eclipse.osgi.internal.loader.BundleLoader.findClassInternal(BundleLoader.java:476)
	at org.eclipse.osgi.internal.loader.BundleLoader.findClass(BundleLoader.java:429)
	at org.eclipse.osgi.internal.loader.BundleLoader.findClass(BundleLoader.java:417)
	at org.eclipse.osgi.internal.baseadaptor.DefaultClassLoader.loadClass(DefaultClassLoader.java:107)
	at java.lang.ClassLoader.loadClass(Unknown Source)
	at scala.tools.eclipse.javaelements.ScalaStructureBuilder$StructureBuilderTraverser$ModuleOwner$class.addModule(ScalaStructureBuilder.scala:545)
	at scala.tools.eclipse.javaelements.ScalaStructureBuilder$StructureBuilderTraverser$Builder.addModule(ScalaStructureBuilder.scala:871)
	at scala.tools.eclipse.javaelements.ScalaStructureBuilder$StructureBuilderTraverser$TreeTraverser.traverse(ScalaStructureBuilder.scala:930)
	at scala.tools.eclipse.javaelements.ScalaStructureBuilder$StructureBuilderTraverser$TreeTraverser$$anonfun$traverse$1.apply(ScalaStructureBuilder.scala:950)
	at scala.tools.eclipse.javaelements.ScalaStructureBuilder$StructureBuilderTraverser$TreeTraverser$$anonfun$traverse$1.apply(ScalaStructureBuilder.scala:950)
	at scala.collection.LinearSeqOptimized$class.foreach(LinearSeqOptimized.scala:59)
	at scala.collection.immutable.List.foreach(List.scala:76)
	at scala.tools.eclipse.javaelements.ScalaStructureBuilder$StructureBuilderTraverser$TreeTraverser.traverse(ScalaStructureBuilder.scala:950)
	at scala.tools.eclipse.javaelements.ScalaStructureBuilder$StructureBuilderTraverser.traverse(ScalaStructureBuilder.scala:903)
	at scala.tools.eclipse.javaelements.ScalaCompilationUnit$$anonfun$buildStructure$2$$anonfun$apply$5$$anonfun$apply$1.apply$mcV$sp(ScalaCompilationUnit.scala:73)
	at scala.tools.eclipse.javaelements.ScalaCompilationUnit$$anonfun$buildStructure$2$$anonfun$apply$5$$anonfun$apply$1.apply(ScalaCompilationUnit.scala:72)
	at scala.tools.eclipse.javaelements.ScalaCompilationUnit$$anonfun$buildStructure$2$$anonfun$apply$5$$anonfun$apply$1.apply(ScalaCompilationUnit.scala:72)
	at scala.tools.nsc.util.InterruptReq.liftedTree1$1(InterruptReq.scala:26)
	at scala.tools.nsc.util.InterruptReq.execute(InterruptReq.scala:25)
	at scala.tools.nsc.interactive.Global.pollForWork(Global.scala:331)
	at scala.tools.nsc.interactive.PresentationCompilerThread.run(PresentationCompilerThread.scala:22)
2013-02-14 13:33:57,120  WARN [ModalContext] - ImplicitHighlightingPresenter - Timeout while waiting for `askLoadedTyped` during implicit highlighting.
2013-02-14 13:35:53,928  WARN [main] - ImplicitHighlightingPresenter - Timeout while waiting for `askLoadedTyped` during implicit highlighting.
2013-02-14 13:36:50,308  WARN [main] - ImplicitHighlightingPresenter - Timeout while waiting for `askLoadedTyped` during implicit highlighting.
2013-02-14 13:37:58,913  WARN [ModalContext] - ImplicitHighlightingPresenter - Timeout while waiting for `askLoadedTyped` during implicit highlighting.
2013-02-14 13:51:58,171 ERROR [main] - org.scala-ide.sdt.core - org.scala-ide.sdt.core - org.scala-ide.sdt.core - 0 - Error during instrumentation of ScriptCompilationUnit(L/99 Scala Problems/src/worksheet_arithmetic.sc)
org.scalaide.worksheet.runtime.ProgramInstrumentationFailed: Error during askInstrumented of unit worksheet_arithmetic.sc
	at org.scalaide.worksheet.runtime.SourceInstrumenter.instrumentProgram(SourceInstrumenter.scala:38)
	at org.scalaide.worksheet.runtime.SourceInstrumenter.instrument(SourceInstrumenter.scala:21)
	at org.scalaide.worksheet.runtime.WorksheetRunner$$anonfun$act$1$$anonfun$apply$2.apply(WorksheetRunner.scala:59)
	at org.scalaide.worksheet.runtime.WorksheetRunner$$anonfun$act$1$$anonfun$apply$2.apply(WorksheetRunner.scala:52)
	at scala.actors.ReactorTask.run(ReactorTask.scala:31)
	at scala.actors.Reactor$class.resumeReceiver(Reactor.scala:129)
	at org.scalaide.worksheet.runtime.WorksheetRunner.scala$actors$ReplyReactor$$super$resumeReceiver(WorksheetRunner.scala:33)
	at scala.actors.ReplyReactor$class.resumeReceiver(ReplyReactor.scala:68)
	at org.scalaide.worksheet.runtime.WorksheetRunner.resumeReceiver(WorksheetRunner.scala:33)
	at scala.actors.Actor$class.searchMailbox(Actor.scala:500)
	at org.scalaide.worksheet.runtime.WorksheetRunner.searchMailbox(WorksheetRunner.scala:33)
	at scala.actors.Reactor$$anonfun$startSearch$1$$anonfun$apply$mcV$sp$1.apply$mcV$sp(Reactor.scala:117)
	at scala.actors.Reactor$$anonfun$startSearch$1$$anonfun$apply$mcV$sp$1.apply(Reactor.scala:114)
	at scala.actors.Reactor$$anonfun$startSearch$1$$anonfun$apply$mcV$sp$1.apply(Reactor.scala:114)
	at scala.actors.ReactorTask.run(ReactorTask.scala:33)
	at scala.concurrent.forkjoin.ForkJoinPool$AdaptedRunnable.exec(ForkJoinPool.java:611)
	at scala.concurrent.forkjoin.ForkJoinTask.quietlyExec(ForkJoinTask.java:422)
	at scala.concurrent.forkjoin.ForkJoinWorkerThread.mainLoop(ForkJoinWorkerThread.java:340)
	at scala.concurrent.forkjoin.ForkJoinWorkerThread.run(ForkJoinWorkerThread.java:325)
Caused by: java.lang.ArrayIndexOutOfBoundsException
	at scala.Array$.copy(Array.scala:87)
	at scala.tools.nsc.interactive.ScratchPadMaker2$Patcher$$anonfun$result$2.apply(ScratchPadMaker2.scala:148)
	at scala.tools.nsc.interactive.ScratchPadMaker2$Patcher$$anonfun$result$2.apply(ScratchPadMaker2.scala:145)
	at scala.collection.mutable.ResizableArray$class.foreach(ResizableArray.scala:60)
	at scala.collection.mutable.ArrayBuffer.foreach(ArrayBuffer.scala:47)
	at scala.tools.nsc.interactive.ScratchPadMaker2$Patcher.result(ScratchPadMaker2.scala:145)
	at scala.tools.nsc.interactive.ProgramInstrumenter$Instrumenter$.scala$tools$nsc$interactive$ProgramInstrumenter$Instrumenter$$instrumentation(ProgramInstrumenter.scala:43)
	at scala.tools.nsc.interactive.ProgramInstrumenter$Instrumenter$$anonfun$askInstrumentation$2.apply(ProgramInstrumenter.scala:23)
	at scala.tools.nsc.interactive.ProgramInstrumenter$Instrumenter$$anonfun$askInstrumentation$2.apply(ProgramInstrumenter.scala:23)
	at scala.tools.nsc.interactive.Global$$anonfun$respond$1.apply(Global.scala:592)
	at scala.tools.nsc.interactive.Global$$anonfun$respond$1.apply(Global.scala:592)
	at scala.tools.nsc.interactive.Global.respondGradually(Global.scala:599)
	at scala.tools.nsc.interactive.Global.respond(Global.scala:592)
	at scala.tools.nsc.interactive.ProgramInstrumenter$Instrumenter$.askInstrumentation(ProgramInstrumenter.scala:22)
	at scala.tools.nsc.interactive.ProgramInstrumenter$$anonfun$askInstrumented$1.apply$mcV$sp(ProgramInstrumenter.scala:59)
	at scala.tools.nsc.interactive.ProgramInstrumenter$$anonfun$askInstrumented$1.apply(ProgramInstrumenter.scala:59)
	at scala.tools.nsc.interactive.ProgramInstrumenter$$anonfun$askInstrumented$1.apply(ProgramInstrumenter.scala:59)
	at scala.tools.nsc.util.InterruptReq.liftedTree1$1(InterruptReq.scala:26)
	at scala.tools.nsc.util.InterruptReq.execute(InterruptReq.scala:25)
	at scala.tools.nsc.interactive.Global.pollForWork(Global.scala:331)
	at scala.tools.nsc.interactive.PresentationCompilerThread.run(PresentationCompilerThread.scala:22)
2013-02-14 14:24:01,682 ERROR [main] - org.scala-ide.sdt.core - org.scala-ide.sdt.core - org.scala-ide.sdt.core - 0 - Error during instrumentation of ScriptCompilationUnit(L/99 Scala Problems/src/worksheet_arithmetic.sc)
org.scalaide.worksheet.runtime.ProgramInstrumentationFailed: Error during askInstrumented of unit worksheet_arithmetic.sc
	at org.scalaide.worksheet.runtime.SourceInstrumenter.instrumentProgram(SourceInstrumenter.scala:38)
	at org.scalaide.worksheet.runtime.SourceInstrumenter.instrument(SourceInstrumenter.scala:21)
	at org.scalaide.worksheet.runtime.WorksheetRunner$$anonfun$act$1$$anonfun$apply$2.apply(WorksheetRunner.scala:59)
	at org.scalaide.worksheet.runtime.WorksheetRunner$$anonfun$act$1$$anonfun$apply$2.apply(WorksheetRunner.scala:52)
	at scala.actors.ReactorTask.run(ReactorTask.scala:31)
	at scala.actors.Reactor$class.resumeReceiver(Reactor.scala:129)
	at org.scalaide.worksheet.runtime.WorksheetRunner.scala$actors$ReplyReactor$$super$resumeReceiver(WorksheetRunner.scala:33)
	at scala.actors.ReplyReactor$class.resumeReceiver(ReplyReactor.scala:68)
	at org.scalaide.worksheet.runtime.WorksheetRunner.resumeReceiver(WorksheetRunner.scala:33)
	at scala.actors.Actor$class.searchMailbox(Actor.scala:500)
	at org.scalaide.worksheet.runtime.WorksheetRunner.searchMailbox(WorksheetRunner.scala:33)
	at scala.actors.Reactor$$anonfun$startSearch$1$$anonfun$apply$mcV$sp$1.apply$mcV$sp(Reactor.scala:117)
	at scala.actors.Reactor$$anonfun$startSearch$1$$anonfun$apply$mcV$sp$1.apply(Reactor.scala:114)
	at scala.actors.Reactor$$anonfun$startSearch$1$$anonfun$apply$mcV$sp$1.apply(Reactor.scala:114)
	at scala.actors.ReactorTask.run(ReactorTask.scala:33)
	at scala.concurrent.forkjoin.ForkJoinPool$AdaptedRunnable.exec(ForkJoinPool.java:611)
	at scala.concurrent.forkjoin.ForkJoinTask.quietlyExec(ForkJoinTask.java:422)
	at scala.concurrent.forkjoin.ForkJoinWorkerThread.mainLoop(ForkJoinWorkerThread.java:340)
	at scala.concurrent.forkjoin.ForkJoinWorkerThread.run(ForkJoinWorkerThread.java:325)
Caused by: java.lang.ArrayIndexOutOfBoundsException
	at scala.Array$.copy(Array.scala:87)
	at scala.tools.nsc.interactive.ScratchPadMaker2$Patcher$$anonfun$result$2.apply(ScratchPadMaker2.scala:148)
	at scala.tools.nsc.interactive.ScratchPadMaker2$Patcher$$anonfun$result$2.apply(ScratchPadMaker2.scala:145)
	at scala.collection.mutable.ResizableArray$class.foreach(ResizableArray.scala:60)
	at scala.collection.mutable.ArrayBuffer.foreach(ArrayBuffer.scala:47)
	at scala.tools.nsc.interactive.ScratchPadMaker2$Patcher.result(ScratchPadMaker2.scala:145)
	at scala.tools.nsc.interactive.ProgramInstrumenter$Instrumenter$.scala$tools$nsc$interactive$ProgramInstrumenter$Instrumenter$$instrumentation(ProgramInstrumenter.scala:43)
	at scala.tools.nsc.interactive.ProgramInstrumenter$Instrumenter$$anonfun$askInstrumentation$2.apply(ProgramInstrumenter.scala:23)
	at scala.tools.nsc.interactive.ProgramInstrumenter$Instrumenter$$anonfun$askInstrumentation$2.apply(ProgramInstrumenter.scala:23)
	at scala.tools.nsc.interactive.Global$$anonfun$respond$1.apply(Global.scala:592)
	at scala.tools.nsc.interactive.Global$$anonfun$respond$1.apply(Global.scala:592)
	at scala.tools.nsc.interactive.Global.respondGradually(Global.scala:599)
	at scala.tools.nsc.interactive.Global.respond(Global.scala:592)
	at scala.tools.nsc.interactive.ProgramInstrumenter$Instrumenter$.askInstrumentation(ProgramInstrumenter.scala:22)
	at scala.tools.nsc.interactive.ProgramInstrumenter$$anonfun$askInstrumented$1.apply$mcV$sp(ProgramInstrumenter.scala:59)
	at scala.tools.nsc.interactive.ProgramInstrumenter$$anonfun$askInstrumented$1.apply(ProgramInstrumenter.scala:59)
	at scala.tools.nsc.interactive.ProgramInstrumenter$$anonfun$askInstrumented$1.apply(ProgramInstrumenter.scala:59)
	at scala.tools.nsc.util.InterruptReq.liftedTree1$1(InterruptReq.scala:26)
	at scala.tools.nsc.util.InterruptReq.execute(InterruptReq.scala:25)
	at scala.tools.nsc.interactive.Global.pollForWork(Global.scala:331)
	at scala.tools.nsc.interactive.PresentationCompilerThread.run(PresentationCompilerThread.scala:22)
2013-02-14 14:25:06,312 ERROR [main] - org.scala-ide.sdt.core - org.scala-ide.sdt.core - org.scala-ide.sdt.core - 0 - Error during instrumentation of ScriptCompilationUnit(L/99 Scala Problems/src/worksheet_arithmetic.sc)
org.scalaide.worksheet.runtime.ProgramInstrumentationFailed: Error during askInstrumented of unit worksheet_arithmetic.sc
	at org.scalaide.worksheet.runtime.SourceInstrumenter.instrumentProgram(SourceInstrumenter.scala:38)
	at org.scalaide.worksheet.runtime.SourceInstrumenter.instrument(SourceInstrumenter.scala:21)
	at org.scalaide.worksheet.runtime.WorksheetRunner$$anonfun$act$1$$anonfun$apply$2.apply(WorksheetRunner.scala:59)
	at org.scalaide.worksheet.runtime.WorksheetRunner$$anonfun$act$1$$anonfun$apply$2.apply(WorksheetRunner.scala:52)
	at scala.actors.ReactorTask.run(ReactorTask.scala:31)
	at scala.actors.Reactor$class.resumeReceiver(Reactor.scala:129)
	at org.scalaide.worksheet.runtime.WorksheetRunner.scala$actors$ReplyReactor$$super$resumeReceiver(WorksheetRunner.scala:33)
	at scala.actors.ReplyReactor$class.resumeReceiver(ReplyReactor.scala:68)
	at org.scalaide.worksheet.runtime.WorksheetRunner.resumeReceiver(WorksheetRunner.scala:33)
	at scala.actors.Actor$class.searchMailbox(Actor.scala:500)
	at org.scalaide.worksheet.runtime.WorksheetRunner.searchMailbox(WorksheetRunner.scala:33)
	at scala.actors.Reactor$$anonfun$startSearch$1$$anonfun$apply$mcV$sp$1.apply$mcV$sp(Reactor.scala:117)
	at scala.actors.Reactor$$anonfun$startSearch$1$$anonfun$apply$mcV$sp$1.apply(Reactor.scala:114)
	at scala.actors.Reactor$$anonfun$startSearch$1$$anonfun$apply$mcV$sp$1.apply(Reactor.scala:114)
	at scala.actors.ReactorTask.run(ReactorTask.scala:33)
	at scala.concurrent.forkjoin.ForkJoinPool$AdaptedRunnable.exec(ForkJoinPool.java:611)
	at scala.concurrent.forkjoin.ForkJoinTask.quietlyExec(ForkJoinTask.java:422)
	at scala.concurrent.forkjoin.ForkJoinWorkerThread.mainLoop(ForkJoinWorkerThread.java:340)
	at scala.concurrent.forkjoin.ForkJoinWorkerThread.run(ForkJoinWorkerThread.java:325)
Caused by: java.lang.ArrayIndexOutOfBoundsException
	at scala.Array$.copy(Array.scala:87)
	at scala.tools.nsc.interactive.ScratchPadMaker2$Patcher$$anonfun$result$2.apply(ScratchPadMaker2.scala:148)
	at scala.tools.nsc.interactive.ScratchPadMaker2$Patcher$$anonfun$result$2.apply(ScratchPadMaker2.scala:145)
	at scala.collection.mutable.ResizableArray$class.foreach(ResizableArray.scala:60)
	at scala.collection.mutable.ArrayBuffer.foreach(ArrayBuffer.scala:47)
	at scala.tools.nsc.interactive.ScratchPadMaker2$Patcher.result(ScratchPadMaker2.scala:145)
	at scala.tools.nsc.interactive.ProgramInstrumenter$Instrumenter$.scala$tools$nsc$interactive$ProgramInstrumenter$Instrumenter$$instrumentation(ProgramInstrumenter.scala:43)
	at scala.tools.nsc.interactive.ProgramInstrumenter$Instrumenter$$anonfun$askInstrumentation$2.apply(ProgramInstrumenter.scala:23)
	at scala.tools.nsc.interactive.ProgramInstrumenter$Instrumenter$$anonfun$askInstrumentation$2.apply(ProgramInstrumenter.scala:23)
	at scala.tools.nsc.interactive.Global$$anonfun$respond$1.apply(Global.scala:592)
	at scala.tools.nsc.interactive.Global$$anonfun$respond$1.apply(Global.scala:592)
	at scala.tools.nsc.interactive.Global.respondGradually(Global.scala:599)
	at scala.tools.nsc.interactive.Global.respond(Global.scala:592)
	at scala.tools.nsc.interactive.ProgramInstrumenter$Instrumenter$.askInstrumentation(ProgramInstrumenter.scala:22)
	at scala.tools.nsc.interactive.ProgramInstrumenter$$anonfun$askInstrumented$1.apply$mcV$sp(ProgramInstrumenter.scala:59)
	at scala.tools.nsc.interactive.ProgramInstrumenter$$anonfun$askInstrumented$1.apply(ProgramInstrumenter.scala:59)
	at scala.tools.nsc.interactive.ProgramInstrumenter$$anonfun$askInstrumented$1.apply(ProgramInstrumenter.scala:59)
	at scala.tools.nsc.util.InterruptReq.liftedTree1$1(InterruptReq.scala:26)
	at scala.tools.nsc.util.InterruptReq.execute(InterruptReq.scala:25)
	at scala.tools.nsc.interactive.Global.pollForWork(Global.scala:331)
	at scala.tools.nsc.interactive.PresentationCompilerThread.run(PresentationCompilerThread.scala:22)
2013-04-15 19:47:13,410 ERROR [main] - System.err - [org.eclipse.debug.core] abort trouble in: 
public class org.eclipse.debug.internal.core.LaunchablePropertyTester extends org.eclipse.core.expressions.PropertyTester:
  public void <init>():
                    ALOAD_0     // Lorg/eclipse/debug/internal/core/LaunchablePropertyTester; this   (line 20)
                    INVOKESPECIAL org.eclipse.core.expressions.PropertyTester.<init> ()V
    constructor-execution(void org.eclipse.debug.internal.core.LaunchablePropertyTester.<init>())
    |               RETURN
    constructor-execution(void org.eclipse.debug.internal.core.LaunchablePropertyTester.<init>())
  end public void <init>()

  public boolean test(Object, String, Object[], Object):
    method-execution(boolean org.eclipse.debug.internal.core.LaunchablePropertyTester.test(java.lang.Object, java.lang.String, java.lang.Object[], java.lang.Object))
    |               LDC "launchable"   (line 26)
    |               ALOAD_2     // Ljava/lang/String; property
    | method-call(boolean java.lang.String.equals(java.lang.Object))
    | |             INVOKEVIRTUAL java.lang.String.equals (Ljava/lang/Object;)Z
    | method-call(boolean java.lang.String.equals(java.lang.Object))
    |               IFEQ L0
    |               INVOKESTATIC org.eclipse.debug.core.DebugPlugin.getDefault ()Lorg/eclipse/debug/core/DebugPlugin;   (line 27)
    |               INVOKEVIRTUAL org.eclipse.debug.core.DebugPlugin.getLaunchManager ()Lorg/eclipse/debug/core/ILaunchManager;
    |               CHECKCAST org.eclipse.debug.internal.core.LaunchManager
    |               ALOAD 4     // Ljava/lang/Object; expectedValue
    |               CHECKCAST java.lang.String
    |               INVOKEVIRTUAL org.eclipse.debug.internal.core.LaunchManager.launchModeAvailable (Ljava/lang/String;)Z
    |               IFEQ L0
    |               INVOKESTATIC org.eclipse.core.runtime.Platform.getAdapterManager ()Lorg/eclipse/core/runtime/IAdapterManager;   (line 28)
    |               ALOAD_1     // Ljava/lang/Object; receiver
    |               LDC "org.eclipse.debug.ui.actions.ILaunchable"
    |               INVOKEINTERFACE org.eclipse.core.runtime.IAdapterManager.hasAdapter (Ljava/lang/Object;Ljava/lang/String;)Z
    |               IRETURN
    |           L0: ICONST_0   (line 31)
    |               IRETURN
    method-execution(boolean org.eclipse.debug.internal.core.LaunchablePropertyTester.test(java.lang.Object, java.lang.String, java.lang.Object[], java.lang.Object))
  end public boolean test(Object, String, Object[], Object)

end public class org.eclipse.debug.internal.core.LaunchablePropertyTester
 -- (NullPointerException) null
null
java.lang.NullPointerException
	at org.aspectj.weaver.bcel.BcelWorld.makeJoinPointSignatureForMethodInvocation(BcelWorld.java:631)
	at org.aspectj.weaver.bcel.BcelShadow.makeMethodCall(BcelShadow.java:763)
	at org.aspectj.weaver.bcel.BcelClassWeaver.matchInvokeInstruction(BcelClassWeaver.java:3106)
	at org.aspectj.weaver.bcel.BcelClassWeaver.match(BcelClassWeaver.java:2765)
	at org.aspectj.weaver.bcel.BcelClassWeaver.match(BcelClassWeaver.java:2543)
	at org.aspectj.weaver.bcel.BcelClassWeaver.weave(BcelClassWeaver.java:474)
	at org.aspectj.weaver.bcel.BcelClassWeaver.weave(BcelClassWeaver.java:100)
	at org.aspectj.weaver.bcel.BcelWeaver.weave(BcelWeaver.java:1697)
	at org.aspectj.weaver.bcel.BcelWeaver.weaveWithoutDump(BcelWeaver.java:1641)
	at org.aspectj.weaver.bcel.BcelWeaver.weaveAndNotify(BcelWeaver.java:1404)
	at org.aspectj.weaver.bcel.BcelWeaver.weave(BcelWeaver.java:1190)
	at org.aspectj.weaver.tools.WeavingAdaptor.getWovenBytes(WeavingAdaptor.java:469)
	at org.aspectj.weaver.tools.WeavingAdaptor.weaveClass(WeavingAdaptor.java:320)
	at org.eclipse.equinox.weaving.aspectj.loadtime.OSGiWeavingAdaptor.weaveClass(OSGiWeavingAdaptor.java:121)
	at org.eclipse.equinox.weaving.aspectj.AspectJWeavingService.preProcess(AspectJWeavingService.java:151)
	at org.eclipse.equinox.weaving.adaptors.WeavingAdaptor.weaveClass(WeavingAdaptor.java:245)
	at org.eclipse.equinox.weaving.hooks.WeavingHook.processClass(WeavingHook.java:126)
	at org.eclipse.osgi.baseadaptor.loader.ClasspathManager.defineClass(ClasspathManager.java:594)
	at org.eclipse.osgi.baseadaptor.loader.ClasspathManager.findClassImpl(ClasspathManager.java:562)
	at org.eclipse.osgi.baseadaptor.loader.ClasspathManager.findLocalClassImpl(ClasspathManager.java:486)
	at org.eclipse.osgi.baseadaptor.loader.ClasspathManager.findLocalClass(ClasspathManager.java:459)
	at org.eclipse.osgi.internal.baseadaptor.DefaultClassLoader.findLocalClass(DefaultClassLoader.java:216)
	at org.eclipse.osgi.internal.loader.BundleLoader.findLocalClass(BundleLoader.java:400)
	at org.eclipse.osgi.internal.loader.BundleLoader.findClassInternal(BundleLoader.java:476)
	at org.eclipse.osgi.internal.loader.BundleLoader.findClass(BundleLoader.java:429)
	at org.eclipse.osgi.internal.loader.BundleLoader.findClass(BundleLoader.java:417)
	at org.eclipse.osgi.internal.baseadaptor.DefaultClassLoader.loadClass(DefaultClassLoader.java:107)
	at java.lang.ClassLoader.loadClass(ClassLoader.java:356)
	at org.eclipse.osgi.internal.loader.BundleLoader.loadClass(BundleLoader.java:345)
	at org.eclipse.osgi.framework.internal.core.BundleHost.loadClass(BundleHost.java:229)
	at org.eclipse.osgi.framework.internal.core.AbstractBundle.loadClass(AbstractBundle.java:1207)
	at org.eclipse.core.internal.registry.osgi.RegistryStrategyOSGI.createExecutableExtension(RegistryStrategyOSGI.java:174)
	at org.eclipse.core.internal.registry.ExtensionRegistry.createExecutableExtension(ExtensionRegistry.java:905)
	at org.eclipse.core.internal.registry.ConfigurationElement.createExecutableExtension(ConfigurationElement.java:243)
	at org.eclipse.core.internal.registry.ConfigurationElementHandle.createExecutableExtension(ConfigurationElementHandle.java:55)
	at org.eclipse.core.internal.expressions.PropertyTesterDescriptor.instantiate(PropertyTesterDescriptor.java:92)
	at org.eclipse.core.internal.expressions.TypeExtension.findTypeExtender(TypeExtension.java:91)
	at org.eclipse.core.internal.expressions.TypeExtension.findTypeExtender(TypeExtension.java:124)
	at org.eclipse.core.internal.expressions.TypeExtension.findTypeExtender(TypeExtension.java:124)
	at org.eclipse.core.internal.expressions.TypeExtension.findTypeExtender(TypeExtension.java:124)
	at org.eclipse.core.internal.expressions.TypeExtension.findTypeExtender(TypeExtension.java:124)
	at org.eclipse.core.internal.expressions.TypeExtensionManager.getProperty(TypeExtensionManager.java:114)
	at org.eclipse.core.internal.expressions.TestExpression.evaluate(TestExpression.java:96)
	at org.eclipse.core.internal.expressions.CompositeExpression.evaluateAnd(CompositeExpression.java:53)
	at org.eclipse.core.internal.expressions.AndExpression.evaluate(AndExpression.java:29)
	at org.eclipse.core.internal.expressions.CompositeExpression.evaluateOr(CompositeExpression.java:68)
	at org.eclipse.core.internal.expressions.OrExpression.evaluate(OrExpression.java:21)
	at org.eclipse.core.internal.expressions.CompositeExpression.evaluateAnd(CompositeExpression.java:53)
	at org.eclipse.core.internal.expressions.EnablementExpression.evaluate(EnablementExpression.java:53)
	at org.eclipse.ui.internal.ObjectActionContributor$ObjectContribution.isApplicableTo(ObjectActionContributor.java:374)
	at org.eclipse.ui.internal.ObjectActionContributor.isApplicableTo(ObjectActionContributor.java:242)
	at org.eclipse.ui.internal.ObjectContributorManager.isApplicableTo(ObjectContributorManager.java:303)
	at org.eclipse.ui.internal.ObjectActionContributorManager.contributeObjectActions(ObjectActionContributorManager.java:83)
	at org.eclipse.ui.internal.PopupMenuExtender.addObjectActions(PopupMenuExtender.java:262)
	at org.eclipse.ui.internal.PopupMenuExtender.menuAboutToShow(PopupMenuExtender.java:339)
	at org.eclipse.jface.action.MenuManager.fireAboutToShow(MenuManager.java:342)
	at org.eclipse.jface.action.MenuManager.handleAboutToShow(MenuManager.java:473)
	at org.eclipse.jface.action.MenuManager.access$1(MenuManager.java:469)
	at org.
2013-04-15 19:47:13,412 ERROR [main] - System.err - eclipse.jface.action.MenuManager$2.menuShown(MenuManager.java:495)
	at org.eclipse.swt.widgets.TypedListener.handleEvent(TypedListener.java:247)
	at org.eclipse.swt.widgets.EventTable.sendEvent(EventTable.java:84)
	at org.eclipse.swt.widgets.Widget.sendEvent(Widget.java:1053)
	at org.eclipse.swt.widgets.Widget.sendEvent(Widget.java:1077)
	at org.eclipse.swt.widgets.Widget.sendEvent(Widget.java:1058)
	at org.eclipse.swt.widgets.Control.WM_INITMENUPOPUP(Control.java:4881)
	at org.eclipse.swt.widgets.Control.windowProc(Control.java:4557)
	at org.eclipse.swt.widgets.Canvas.windowProc(Canvas.java:341)
	at org.eclipse.swt.widgets.Decorations.windowProc(Decorations.java:1610)
	at org.eclipse.swt.widgets.Shell.windowProc(Shell.java:2061)
	at org.eclipse.swt.widgets.Display.windowProc(Display.java:4972)
	at org.eclipse.swt.internal.win32.OS.TrackPopupMenu(Native Method)
	at org.eclipse.swt.widgets.Menu._setVisible(Menu.java:256)
	at org.eclipse.swt.widgets.Display.runPopups(Display.java:4206)
	at org.eclipse.swt.widgets.Display.readAndDispatch(Display.java:3748)
	at org.eclipse.ui.internal.Workbench.runEventLoop(Workbench.java:2701)
	at org.eclipse.ui.internal.Workbench.runUI(Workbench.java:2665)
	at org.eclipse.ui.internal.Workbench.access$4(Workbench.java:2499)
	at org.eclipse.ui.internal.Workbench$7.run(Workbench.java:679)
	at org.eclipse.core.databinding.observable.Realm.runWithDefault(Realm.java:332)
	at org.eclipse.ui.internal.Workbench.createAndRunWorkbench(Workbench.java:668)
	at org.eclipse.ui.PlatformUI.createAndRunWorkbench(PlatformUI.java:149)
	at org.eclipse.ui.internal.ide.application.IDEApplication.start(IDEApplication.java:123)
	at org.eclipse.equinox.internal.app.EclipseAppHandle.run(EclipseAppHandle.java:196)
	at org.eclipse.core.runtime.internal.adaptor.EclipseAppLauncher.runApplication(EclipseAppLauncher.java:110)
	at org.eclipse.core.runtime.internal.adaptor.EclipseAppLauncher.start(EclipseAppLauncher.java:79)
	at org.eclipse.core.runtime.adaptor.EclipseStarter.run(EclipseStarter.java:344)
	at org.eclipse.core.runtime.adaptor.EclipseStarter.run(EclipseStarter.java:179)
	at sun.reflect.NativeMethodAccessorImpl.invoke0(Native Method)
	at sun.reflect.NativeMethodAccessorImpl.invoke(NativeMethodAccessorImpl.java:57)
	at sun.reflect.DelegatingMethodAccessorImpl.invoke(DelegatingMethodAccessorImpl.java:43)
	at java.lang.reflect.Method.invoke(Method.java:601)
	at org.eclipse.equinox.launcher.Main.invokeFramework(Main.java:622)
	at org.eclipse.equinox.launcher.Main.basicRun(Main.java:577)
	at org.eclipse.equinox.launcher.Main.run(Main.java:1410)
2013-06-05 11:53:03,814  WARN [main] - ImplicitHighlightingPresenter - Timeout while waiting for `askLoadedTyped` during implicit highlighting.
2013-06-05 12:40:12,358 ERROR [main] - org.scala-ide.sdt.core - org.scala-ide.sdt.core - org.scala-ide.sdt.core - 0 - Error during instrumentation of ScriptCompilationUnit(L/99 Scala Problems/src/worksheet_arithmetic.sc)
org.scalaide.worksheet.runtime.ProgramInstrumentationFailed: Error during askInstrumented of unit worksheet_arithmetic.sc
	at org.scalaide.worksheet.runtime.SourceInstrumenter.instrumentProgram(SourceInstrumenter.scala:38)
	at org.scalaide.worksheet.runtime.SourceInstrumenter.instrument(SourceInstrumenter.scala:21)
	at org.scalaide.worksheet.runtime.WorksheetRunner$$anonfun$act$1$$anonfun$apply$2.apply(WorksheetRunner.scala:59)
	at org.scalaide.worksheet.runtime.WorksheetRunner$$anonfun$act$1$$anonfun$apply$2.apply(WorksheetRunner.scala:52)
	at scala.actors.ReactorTask.run(ReactorTask.scala:31)
	at scala.actors.Reactor$class.resumeReceiver(Reactor.scala:129)
	at org.scalaide.worksheet.runtime.WorksheetRunner.scala$actors$ReplyReactor$$super$resumeReceiver(WorksheetRunner.scala:33)
	at scala.actors.ReplyReactor$class.resumeReceiver(ReplyReactor.scala:68)
	at org.scalaide.worksheet.runtime.WorksheetRunner.resumeReceiver(WorksheetRunner.scala:33)
	at scala.actors.Actor$class.searchMailbox(Actor.scala:500)
	at org.scalaide.worksheet.runtime.WorksheetRunner.searchMailbox(WorksheetRunner.scala:33)
	at scala.actors.Reactor$$anonfun$startSearch$1$$anonfun$apply$mcV$sp$1.apply$mcV$sp(Reactor.scala:117)
	at scala.actors.Reactor$$anonfun$startSearch$1$$anonfun$apply$mcV$sp$1.apply(Reactor.scala:114)
	at scala.actors.Reactor$$anonfun$startSearch$1$$anonfun$apply$mcV$sp$1.apply(Reactor.scala:114)
	at scala.actors.ReactorTask.run(ReactorTask.scala:33)
	at scala.concurrent.forkjoin.ForkJoinPool$AdaptedRunnable.exec(ForkJoinPool.java:611)
	at scala.concurrent.forkjoin.ForkJoinTask.quietlyExec(ForkJoinTask.java:422)
	at scala.concurrent.forkjoin.ForkJoinWorkerThread.mainLoop(ForkJoinWorkerThread.java:340)
	at scala.concurrent.forkjoin.ForkJoinWorkerThread.run(ForkJoinWorkerThread.java:325)
Caused by: java.lang.ArrayIndexOutOfBoundsException
	at scala.Array$.copy(Array.scala:87)
	at scala.tools.nsc.interactive.ScratchPadMaker2$Patcher$$anonfun$result$2.apply(ScratchPadMaker2.scala:148)
	at scala.tools.nsc.interactive.ScratchPadMaker2$Patcher$$anonfun$result$2.apply(ScratchPadMaker2.scala:145)
	at scala.collection.mutable.ResizableArray$class.foreach(ResizableArray.scala:60)
	at scala.collection.mutable.ArrayBuffer.foreach(ArrayBuffer.scala:47)
	at scala.tools.nsc.interactive.ScratchPadMaker2$Patcher.result(ScratchPadMaker2.scala:145)
	at scala.tools.nsc.interactive.ProgramInstrumenter$Instrumenter$.scala$tools$nsc$interactive$ProgramInstrumenter$Instrumenter$$instrumentation(ProgramInstrumenter.scala:43)
	at scala.tools.nsc.interactive.ProgramInstrumenter$Instrumenter$$anonfun$askInstrumentation$2.apply(ProgramInstrumenter.scala:23)
	at scala.tools.nsc.interactive.ProgramInstrumenter$Instrumenter$$anonfun$askInstrumentation$2.apply(ProgramInstrumenter.scala:23)
	at scala.tools.nsc.interactive.Global$$anonfun$respond$1.apply(Global.scala:592)
	at scala.tools.nsc.interactive.Global$$anonfun$respond$1.apply(Global.scala:592)
	at scala.tools.nsc.interactive.Global.respondGradually(Global.scala:599)
	at scala.tools.nsc.interactive.Global.respond(Global.scala:592)
	at scala.tools.nsc.interactive.ProgramInstrumenter$Instrumenter$.askInstrumentation(ProgramInstrumenter.scala:22)
	at scala.tools.nsc.interactive.ProgramInstrumenter$$anonfun$askInstrumented$1.apply$mcV$sp(ProgramInstrumenter.scala:59)
	at scala.tools.nsc.interactive.ProgramInstrumenter$$anonfun$askInstrumented$1.apply(ProgramInstrumenter.scala:59)
	at scala.tools.nsc.interactive.ProgramInstrumenter$$anonfun$askInstrumented$1.apply(ProgramInstrumenter.scala:59)
	at scala.tools.nsc.util.InterruptReq.liftedTree1$1(InterruptReq.scala:26)
	at scala.tools.nsc.util.InterruptReq.execute(InterruptReq.scala:25)
	at scala.tools.nsc.interactive.Global.pollForWork(Global.scala:331)
	at scala.tools.nsc.interactive.Global.checkForMoreWork(Global.scala:392)
	at scala.tools.nsc.interactive.Global.signalDone(Global.scala:245)
	at scala.tools.nsc.typechecker.Typers$Typer.typed(Typers.scala:4292)
	at scala.tools.nsc.typechecker.Typers$Typer.typedArg(Typers.scala:2191)
	at scala.tools.nsc.typechecker.Typers$Typer$$anonfun$typedArgs$3.apply(Typers.scala:2204)
	at scala.tools.nsc.typechecker.Typers$Typer$$anonfun$typedArgs$3.apply(Typers.scala:2203)
	at scala.Tuple3$Zipped$$anonfun$map$1.apply(Tuple3.scala:66)
	at scala.Tuple3$Zipped$$anonfun$map$1.apply(Tuple3.scala:64)
	at scala.collection.LinearSeqOptimized$class.foreach(LinearSeqOptimized.scala:59)
	at scala.collection.immutable.List.foreach(List.scala:76)
	at scala.Tuple3$Zipped.map(Tuple3.scala:64)
	at scala.tools.nsc.typechecker.Typers$Typer.typedArgs(Typers.scala:2203)
	at scala.tools.nsc.typechecker.Typers$Typer.doTypedApply(Typers.scala:2423)
	at scala.tools.nsc.typechecker.Typers$Typer$$anonfun$tryTypedApply$1$1.apply(Typers.scala:3297)
	at scala.tools.nsc.typechecker.Typers$Typer$$anonfun$tryTypedApply$1$1.apply(Typers.scala:3297)
	at scala.tools.nsc.typechecker.Typers$Typer.silent(Typers.scala:630)
	at scala.tools.nsc.typechecker.Typers$Typer.tryTypedApply$1(Typers.scala:3297)
	at scala.tools.nsc.typechecker.Typers$Typer.typedApply$1(Typers.scala:3371)
	at scala.tools.nsc.typechecker.Typers$Typer.typed1(Typers.scala:4106)
	at scala.tools.nsc.typechecker.Typers$Typer.typed(Typers.scala:4273)
	at scala.tools.nsc.typechecker.Typers$Typer.typedQualifier(Typers.scala:4352)
	at scala.tools.nsc.typechecker.Typers$Typer.typedQualifier(Typers.scala:4360)
	at scala.tools.nsc.typechecker.Typers$Typer.adaptToMember(Typers.scala:994)
	at scala.tools.nsc.typechecker.Typers$Typer.adaptToMemberWithArgs(Typers.scala:1031)
	at scala.tools.nsc.typechecker.Typers$Typer.typedSelect$1(Typers.scala:3563)
	at scala.tools.nsc.typechecker.Typers$Typer.typed1(Typers.scala:4167)
	at scala.tools.nsc.typechecker.Typers$Typer.typed(Typers.scala:4273)
	at scala.tools.nsc.typechecker.Typers$Typer.typedQualifier(Typers.scala:4352)
	at scala.tools.nsc.typechecker.Typers$Typer.typedQualifier(Typers.scala:4358)
	at scala.tools.nsc.typechecker.Typers$Typer.typed1(Typers.scala:4146)
	at scala.tools.nsc.typechecker.Typers$Typer.typed(Typers.scala:4273)
	at scala.tools.nsc.typechecker.Typers$Typer$$anonfun$typedApply$1$1.apply(Typers.scala:3355)
	at scala.tools.nsc.typechecker.Typers$Typer$$anonfun$typedApply$1$1.apply(Typers.scala:3355)
	at scala.tools.nsc.typechecker.Typers$Typer.silent(Typers.scala:624)
	at scala.tools.nsc.typechecker.Typers$Typer.typedApply$1(Typers.scala:3355)
	at scala.tools.nsc.typechecker.Typers$Typer.typed1(Typers.scala:4106)
	at scala.tools.nsc.typechecker.Typers$Typer.typed(Typers.scala:4273)
	at scala.tools.nsc.typechecker.Typers$Typer.typedArg(Typers.scala:2191)
	at scala.tools.nsc.typechecker.Typers$Typer$$anonfun$typedArgs$3.apply(Typers.scala:2204)
	at scala.tools.nsc.typechecker.Typers$Typer$$anonfun$typedArgs$3.apply(Typers.scala:2203)
	at scala.Tuple3$Zipped$$anonfun$map$1.apply(Tuple3.scala:66)
	at scala.Tuple3$Zipped$$anonfun$map$1.apply(Tuple3.scala:64)
	at scala.collection.LinearSeqOptimized$class.foreach(LinearSeqOptimized.scala:59)
	at scala.collection.immutable.List.foreach(List.scala:76)
	at scala.Tuple3$Zipped.map(Tuple3.scala:64)
	at scala.tools.nsc.typechecker.Typers$Typer.typedArgs(Typers.scala:2203)
	at scala.tools.nsc.typechecker.Typers$Typer.doTypedApply(Typers.scala:2423)
	at scala.tools.nsc.typechecker.Typers$Typer$$anonfun$tryTypedApply$1$1.apply(Typers.scala:3297)
	at scala.tools.nsc.typechecker.Typers$Typer$$anonfun$tryTypedApply$1$1.apply(Typers.scala:3297)
	at scala.tools.nsc.typechecker.Typers$Typer.silent(Typers.scala:624)
	at scala.tools.nsc.typechecker.Typers$Typer.tryTypedApply$1(Typers.scala:3297)
	at scala.tools.nsc.typechecker.Typers$Typer.typedApply$1(Typers.scala:3371)
	at scala.tools.nsc.typechecker.Typers$Typer.typed1(Typers.scala:4106)
	at scala.tools.nsc.typechecker.Typers$Typer.typed(Typers.scala:4273)
	at scala.tools.nsc.typechecker.Typers$Typer.typedStat$1(Typers.scala:2100)
	at scala.tools.nsc.typechecker.Typers$Typer$$anonfun$24.apply(Typers.scala:2184)
	at scala.tools.nsc.typechecker.Typers$Typer$$anonfun$24.apply(Typers.scala:2184)
	at scala.collection.immutable.List.loop$1(List.scala:148)
	at scala.collection.immutable.List.mapConserve(List.scala:164)
	at scala.tools.nsc.typechecker.Typers$Typer.typedStats(Typers.scala:2184)
	at scala.tools.nsc.typechecker.Typers$Typer.typedTemplate(Typers.scala:1512)
	at scala.tools.nsc.typechecker.Typers$Typer.typedModuleDef(Typers.scala:1320)
	at scala.tools.nsc.typechecker.Typers$Typer.typed1(Typers.scala:3915)
	at scala.tools.nsc.typechecker.Typers$Typer.typed(Typers.scala:4273)
	at scala.tools.nsc.typechecker.Typers$Typer.typedStat$1(Typers.scala:2100)
	at scala.tools.nsc.typechecker.Typers$Typer$$anonfun$24.apply(Typers.scala:2184)
	at scala.tools.nsc.typechecker.Typers$Typer$$anonfun$24.apply(Typers.scala:2184)
	at scala.collection.immutable.List.loop$1(List.scala:148)
	at scala.collection.immutable.List.mapConserve(List.scala:164)
	at scala.tools.nsc.typechecker.Typers$Typer.typedStats(Typers.scala:2184)
	at scala.tools.nsc.typechecker.Typers$Typer.typed1(Typers.scala:3908)
	at scala.tools.nsc.typechecker.Typers$Typer.typed(Typers.scala:4273)
	at scala.tools.nsc.typechecker.Typers$Typer.typed(Typers.scala:4333)
	at scala.tools.nsc.typechecker.Analyzer$typerFactory$$anon$3.apply(Analyzer.scala:94)
	at scala.tools.nsc.Global$GlobalPhase.applyPhase(Global.scala:329)
	at scala.tools.nsc.interactive.Global$TyperRun$$anonfun$applyPhase$1.apply(Global.scala:1082)
	at scala.tools.nsc.interactive.Global$TyperRun$$anonfun$applyPhase$1.apply(Global.scala:1082)
	at scala.tools.nsc.symtab.SymbolTable.atPhase(SymbolTable.scala:95)
	at scala.tools.nsc.interactive.Global$TyperRun.applyPhase(Global.scala:1082)
	at scala.tools.nsc.interactive.Global$TyperRun.typeCheck(Global.scala:1075)
	at scala.tools.nsc.interactive.Global.scala$tools$nsc$interactive$Global$$typeCheck(Global.scala:561)
	at scala.tools.nsc.interactive.Global$$anonfun$backgroundCompile$5$$anonfun$apply$7.apply(Global.scala:478)
	at scala.tools.nsc.interactive.Global$$anonfun$backgroundCompile$5.apply(Global.scala:474)
	at scala.tools.nsc.interactive.Global$$anonfun$backgroundCompile$5.apply(Global.scala:474)
	at scala.collection.TraversableLike$WithFilter$$anonfun$foreach$1.apply(TraversableLike.scala:743)
	at scala.collection.LinearSeqOptimized$class.foreach(LinearSeqOptimized.scala:59)
	at scala.collection.immutable.List.foreach(List.scala:76)
	at scala.collection.TraversableLike$WithFilter.foreach(TraversableLike.scala:742)
	at scala.tools.nsc.interactive.Global.backgroundCompile(Global.scala:474)
	at scala.tools.nsc.interactive.PresentationCompilerThread.run(PresentationCompilerThread.scala:25)
